C51 COMPILER V9.00   MAIN                                                                  01/04/2020 17:20:46 PAGE 1   


C51 COMPILER V9.00, COMPILATION OF MODULE MAIN
OBJECT MODULE PLACED IN ..\object\main.obj
COMPILER INVOKED BY: D:\Program Files\KEILC51\files\C51\BIN\C51.EXE ..\..\user\main.c BROWSE DEBUG OBJECTEXTEND PRINT(.\
                    -main.lst) TABS(2) OBJECT(..\object\main.obj)

line level    source

   1          /**
   2            ******************************************************************************
   3            * @file     main.c
   4            * @author   ZRT
   5            * @version  V1.0
   6            * @date     2019/12/30
   7            * @brief   
   8            ******************************************************************************  
   9            * 
  10            * 
  11            ******************************************************************************
  12            */
  13          
  14          /*-- includes ----------------------------------------------------------------*/
  15          #include "./main.h"
  16          
  17          
  18          /*-- defined -----------------------------------------------------------------*/
  19          #define      DB_LOG(x)    
  20          
  21          #define      TEST_LED         P1_7
  22          
  23          
  24          /*-- private variables -------------------------------------------------------*/
  25          u8_t code xs[]={
  26          0x00,0x00,0x00,0x00,0x00,0x00,0x00,0x00,
  27                0x00,0x00,0x00,0x00,0x00,0x00,0x00,0x00,
  28                0x00,0x00,0x00,0x00,0x00,0x00,0x00,0x00,
  29                0x00,0x00,0x00,0x00,0x00,0x00,0x00,0x00,
  30                0x00,0x00,0x00,0x00,0x00,0x00,0x00,0x00,
  31                0x00,0x00,0x00,0x00,0x00,0x00,0x00,0x00,
  32                0x00,0x00,0x00,0x07,0xF0,0x1E,0x3C,0x00,
  33                0x00,0x00,0x00,0x00,0x00,0x00,0x00,0x00,
  34                0x00,0x00,0x00,0x0F,0xF8,0xF8,0x1F,0x01,
  35                0x80,0x00,0x00,0x00,0x00,0x00,0x00,0x00,
  36                0x00,0x00,0x00,0x1F,0xFF,0x00,0x00,0xEF,
  37                0xF0,0x00,0x00,0x00,0x00,0x00,0x00,0x00,
  38                0x00,0x00,0x00,0x1F,0xFC,0x00,0x00,0x7F,
  39                0xFF,0xFF,0xFF,0xFF,0x08,0x00,0x00,0x00,
  40                0x00,0x00,0x00,0x1F,0xF8,0x00,0x00,0x1F,
  41                0xFF,0xFF,0xFF,0xFF,0xFE,0x00,0x00,0x00,
  42                0x00,0x00,0x00,0x1F,0xF8,0x00,0x00,0x0F,
  43                0xFF,0xFF,0xFF,0xFF,0xFE,0x00,0x00,0x00,
  44                0x00,0x00,0x00,0x3F,0xE0,0x00,0x00,0x07,
  45                0xFF,0xFF,0xFF,0xFF,0xFE,0x00,0x00,0x00,
  46                0x00,0x00,0x00,0x3F,0xE0,0x7F,0x06,0x07,
  47                0xFF,0xFF,0xFF,0xFF,0xFE,0x00,0x00,0x00,
  48                0x00,0x00,0x00,0x1F,0xC0,0xFF,0x8F,0x87,
  49                0xFF,0xFF,0xFF,0xFF,0xFE,0x00,0x00,0x00,
  50                0x00,0x00,0x00,0x1F,0x80,0x83,0x8F,0xC7,
  51                0xFF,0xFF,0xFF,0xFF,0xFE,0x00,0x00,0x00,
  52                0x00,0x00,0x00,0x1F,0x80,0x03,0xD8,0xC7,
  53                0xFF,0xFF,0xFF,0xFF,0xFE,0x00,0x00,0x00,
  54                0x00,0x00,0x00,0x0F,0x00,0xFE,0x08,0x07,
C51 COMPILER V9.00   MAIN                                                                  01/04/2020 17:20:46 PAGE 2   

  55                0xFF,0xFF,0xFF,0xFF,0xFE,0x00,0x00,0x00,
  56                0x00,0x00,0x00,0x03,0x00,0x7C,0x07,0x07,
  57                0xFF,0xFF,0xFF,0xFF,0xFE,0x00,0x00,0x00,
  58                0x00,0x00,0x00,0x01,0x00,0x00,0x07,0x07,
  59                0xFF,0xFF,0xFF,0xFF,0xFE,0x00,0x00,0x00,
  60                0x00,0x00,0x00,0x02,0x00,0x00,0x00,0x07,
  61                0xFF,0xFF,0xFF,0xFF,0xFE,0x00,0x00,0x00,
  62                0x00,0x00,0x00,0x06,0x00,0x00,0x00,0x07,
  63                0xFF,0xFF,0xFF,0xFF,0xFE,0x00,0x00,0x00,
  64                0x00,0x00,0x00,0x06,0x00,0x06,0x00,0x07,
  65                0xFF,0xFF,0xFF,0xFF,0xFE,0x00,0x00,0x00,
  66                0x00,0x00,0x00,0x04,0x00,0x0C,0x00,0x07,
  67                0xFF,0xFF,0xFF,0xFF,0xFC,0x00,0x00,0x00,
  68                0x00,0x00,0x00,0x0C,0x00,0x1F,0xE2,0x07,
  69                0xFF,0xFF,0xFF,0xFF,0xFC,0x00,0x00,0x00,
  70                0x00,0x00,0x00,0x0C,0x00,0xE3,0xFF,0x07,
  71                0xFF,0xFF,0xFF,0xFF,0xFC,0x00,0x00,0x00,
  72                0x00,0x00,0x00,0x0C,0x00,0xE0,0xF9,0x07,
  73                0xFF,0xFF,0xFF,0xFF,0xFC,0x00,0x00,0x00,
  74                0x00,0x00,0x00,0x18,0x00,0x30,0x00,0x07,
  75                0xFF,0xFF,0xFF,0xFF,0xFC,0x00,0x00,0x00,
  76                0x00,0x00,0x00,0x38,0x00,0x37,0xF8,0x07,
  77                0xFF,0xFF,0xFF,0xFF,0xFC,0x00,0x00,0x00,
  78                0x00,0x00,0x00,0x78,0x00,0x2F,0xFC,0x07,
  79                0xFF,0xFF,0xFF,0xFF,0xFC,0x00,0x00,0x00,
  80                0x00,0x00,0x00,0x78,0x00,0x2F,0xFC,0x07,
  81                0xFF,0xFF,0xFF,0xFF,0xFC,0x00,0x00,0x00,
  82                0x00,0x00,0x00,0x7C,0x00,0x30,0x18,0x07,
  83                0xFF,0xFF,0xFF,0xFF,0xFC,0x00,0x00,0x00,
  84                0x00,0x00,0x00,0x7C,0x00,0x00,0x00,0x07,
  85                0xFF,0xFF,0xFF,0xFF,0xFC,0x00,0x00,0x00,
  86                0x00,0x00,0x00,0x7E,0x00,0x3F,0x80,0x07,
  87                0xFF,0xFF,0xFF,0xFF,0xFC,0x00,0x00,0x00,
  88                0x00,0x00,0x00,0x7F,0x00,0x3F,0xF0,0x07,
  89                0xFF,0xFF,0xFF,0xFF,0xFC,0x00,0x00,0x00,
  90                0x00,0x00,0x00,0x7F,0xC0,0x00,0xE0,0x07,
  91                0xFF,0xFF,0xFF,0xFF,0xFC,0x00,0x00,0x00,
  92                0x00,0x00,0x00,0x7F,0xFF,0x00,0x00,0x07,
  93                0xFF,0xFF,0xFF,0xFF,0xFC,0x00,0x00,0x00,
  94                0x00,0x00,0x00,0x7F,0xFF,0xC0,0x00,0x0F,
  95                0xFF,0xFF,0xFF,0xFF,0xFC,0x00,0x00,0x00,
  96                0x00,0x00,0x00,0x7F,0xFF,0xFF,0x80,0x7F,
  97                0xFF,0xFF,0xFF,0xFF,0xFC,0x00,0x00,0x00,
  98                0x00,0x00,0x00,0x7F,0xFF,0xFF,0xF7,0xFF,
  99                0xFF,0xFF,0xFF,0xFF,0xF8,0x04,0x00,0x00,
 100                0x00,0x00,0x00,0x7F,0xFF,0xFF,0xFF,0xFF,
 101                0xFF,0xFF,0xFF,0xFF,0xF0,0x00,0x00,0x00,
 102                0x00,0x00,0x00,0x7F,0xFF,0xFF,0xFF,0xFF,
 103                0xFF,0xFF,0xFF,0xFF,0xC0,0x00,0x00,0x00,
 104                0x00,0x00,0x00,0x3F,0xFF,0xFF,0xFF,0xFF,
 105                0xFF,0xFF,0xFF,0xFF,0x00,0x00,0x00,0x00,
 106                0x00,0x00,0x00,0x1F,0xFF,0xFF,0xFF,0xFF,
 107                0xFF,0xFF,0xFF,0xFC,0x00,0x00,0x00,0x00,
 108                0x00,0x00,0x00,0x0F,0xFF,0xFF,0xFF,0xFF,
 109                0xFF,0xFF,0xFF,0xF8,0x00,0x00,0x00,0x00,
 110                0x00,0x00,0x00,0x00,0x3F,0xFF,0xFF,0xFF,
 111                0xFF,0xFF,0xFF,0xFF,0x00,0x00,0x00,0x00,
 112                0x00,0x00,0x00,0x00,0x01,0xFF,0xFC,0xC0,
 113                0x7B,0xFF,0xFF,0xFF,0xC0,0x00,0x00,0x00,
 114                0x00,0x00,0x00,0x00,0x00,0x3F,0xFE,0x00,
 115                0x03,0xFF,0xFF,0xFF,0xE0,0x00,0x00,0x00,
 116                0x00,0x00,0x00,0x00,0x00,0x0F,0xFF,0x6F,
C51 COMPILER V9.00   MAIN                                                                  01/04/2020 17:20:46 PAGE 3   

 117                0xFF,0xFF,0xFF,0xE0,0x00,0x00,0x00,0x00,
 118                0x00,0x00,0x00,0x00,0x00,0x00,0x38,0x40,
 119                0x00,0x00,0x00,0x00,0x00,0x00,0x00,0x00,
 120                0x00,0x00,0x00,0x00,0x00,0x00,0x00,0x00,
 121                0x00,0x00,0x00,0x00,0x00,0x00,0x00,0x00,
 122                0x00,0x00,0x00,0x00,0x00,0x00,0x00,0x00,
 123                0x00,0x00,0x00,0x00,0x00,0x00,0x00,0x00,
 124                0x00,0x00,0x00,0x00,0x00,0x00,0x00,0x00,
 125                0x00,0x00,0x00,0x00,0x00,0x00,0x00,0x00,
 126                0x00,0x00,0x00,0x00,0x00,0x00,0x00,0x00,
 127                0x00,0x00,0x00,0x00,0x00,0x00,0x00,0x00,
 128                0x00,0x00,0x00,0x06,0xD0,0xF8,0x00,0x06,
 129                0x00,0x80,0xFC,0x3F,0x80,0x00,0x00,0x00,
 130                0x00,0x00,0x00,0x0F,0xF3,0xB8,0x00,0x1F,
 131                0xE0,0x80,0xFC,0x7F,0x80,0x00,0x00,0x00,
 132                0x00,0x00,0x00,0x0F,0xE3,0xBC,0x00,0x0D,
 133                0xC0,0xF0,0xFC,0x03,0x00,0x00,0x00,0x00,
 134                0x00,0x00,0x00,0x07,0xE3,0xFC,0x00,0x0D,
 135                0x00,0xF1,0xFE,0x06,0x00,0x00,0x00,0x00,
 136                0x00,0x00,0x00,0x0F,0xF0,0xB8,0x00,0x1F,
 137                0xC0,0x81,0xFE,0x04,0x00,0x00,0x00,0x00,
 138                0x00,0x00,0x00,0x0F,0xF3,0xF8,0x00,0x3B,
 139                0xC0,0x80,0xFC,0x04,0x00,0x00,0x00,0x00,
 140                0x00,0x00,0x00,0x0F,0xE3,0xB0,0x40,0x19,
 141                0x00,0x80,0x7C,0x04,0x00,0x00,0x00,0x00,
 142                0x00,0x00,0x00,0x02,0x61,0xFC,0xC0,0x0F,
 143                0xE7,0xF8,0x0C,0x0C,0x00,0x00,0x00,0x00,
 144                0x00,0x00,0x00,0x00,0xC1,0xCC,0xC0,0x0F,
 145                0xE7,0xF8,0x1C,0x0C,0x00,0x00,0x00,0x00,
 146                0x00,0x00,0x00,0x00,0x00,0x00,0x00,0x00,
 147                0x00,0x00,0x10,0x00,0x00,0x00,0x00,0x00,
 148                0x00,0x00,0x00,0x00,0x00,0x00,0x00,0x00,
 149                0x00,0x00,0x00,0x00,0x00,0x00,0x00,0x00,
 150                0x00,0x00,0x00,0x00,0x00,0x00,0x00,0x00,
 151                0x00,0x00,0x00,0x00,0x00,0x00,0x00,0x00,
 152                0x00,0x00,0x00,0x00,0x00,0x00,0x00,0x00,
 153                0x00,0x00,0x00,0x00,0x00,0x00,0x00,0x00
 154          };
 155          
 156          
 157          
 158          
 159          /*-- functions ---------------------------------------------------------------*/
 160          void delay_us(u8_t t)
 161          {
 162   1        while(t--);
 163   1      }
 164          
 165          void delay_ms(u32_t t)
 166          {
 167   1        u32_t i;
 168   1      
 169   1        while(t--)
 170   1        {
 171   2          for(i=0; i<100; i++);
 172   2        }
 173   1      }
 174          
 175          
 176          /**           
 177            * @brief            
 178            * @param    
C51 COMPILER V9.00   MAIN                                                                  01/04/2020 17:20:46 PAGE 4   

 179            * @return  
 180            * @note
 181            */
 182          void   main(void)
 183          {
 184   1        lcd12864_init();
 185   1        lcd12864_clear_screen(0x00);
 186   1        
 187   1        while(1)
 188   1        {
 189   2          TEST_LED =! TEST_LED;
 190   2          delay_ms(100);  
 191   2          show_pic(xs); 
 192   2        }
 193   1      }
 194          
 195          
 196          
 197          
 198          /*---------------------- end of file -----------------------------------------*/


MODULE INFORMATION:   STATIC OVERLAYABLE
   CODE SIZE        =    113    ----
   CONSTANT SIZE    =   1024    ----
   XDATA SIZE       =   ----    ----
   PDATA SIZE       =   ----    ----
   DATA SIZE        =   ----       8
   IDATA SIZE       =   ----    ----
   BIT SIZE         =   ----    ----
END OF MODULE INFORMATION.


C51 COMPILATION COMPLETE.  0 WARNING(S),  0 ERROR(S)
